<?xml version="1.0" encoding="UTF-8"?>
<testng-results skipped="0" failed="0" total="1" passed="1">
  <reporter-output>
  </reporter-output>
  <suite name="Default suite" duration-ms="6543" started-at="2021-10-18T08:06:35Z" finished-at="2021-10-18T08:06:41Z">
    <groups>
    </groups>
    <test name="Default test" duration-ms="6543" started-at="2021-10-18T08:06:35Z" finished-at="2021-10-18T08:06:41Z">
      <class name="uiTest.LoginTestNG">
        <test-method status="PASS" signature="setupTestNG()[pri:0, instance:uiTest.LoginTestNG@47d90b9e]" name="setupTestNG" duration-ms="6511" started-at="2021-10-18T13:36:35Z" finished-at="2021-10-18T13:36:41Z">
          <reporter-output>
          </reporter-output>
        </test-method> <!-- setupTestNG -->
      </class> <!-- uiTest.LoginTestNG -->
    </test> <!-- Default test -->
  </suite> <!-- Default suite -->
</testng-results>
